2016-09-18 19:03:40[org.springframework.context.support.ClassPathXmlApplicationContext] [main:0] - [INFO]  Refreshing org.springframework.context.support.ClassPathXmlApplicationContext@b426780: startup date [Sun Sep 18 19:03:40 CST 2016]; root of context hierarchy
2016-09-18 19:03:40[org.springframework.beans.factory.xml.XmlBeanDefinitionReader] [main:43] - [INFO]  Loading XML bean definitions from class path resource [aop/schema_aop.xml]
2016-09-18 19:04:25[org.springframework.context.support.ClassPathXmlApplicationContext] [main:0] - [INFO]  Refreshing org.springframework.context.support.ClassPathXmlApplicationContext@28a58701: startup date [Sun Sep 18 19:04:25 CST 2016]; root of context hierarchy
2016-09-18 19:04:25[org.springframework.beans.factory.xml.XmlBeanDefinitionReader] [main:39] - [INFO]  Loading XML bean definitions from class path resource [aop/schema_aop.xml]
2016-09-18 19:04:41[org.springframework.context.support.ClassPathXmlApplicationContext] [main:0] - [INFO]  Refreshing org.springframework.context.support.ClassPathXmlApplicationContext@28a58701: startup date [Sun Sep 18 19:04:41 CST 2016]; root of context hierarchy
2016-09-18 19:04:41[org.springframework.beans.factory.xml.XmlBeanDefinitionReader] [main:37] - [INFO]  Loading XML bean definitions from class path resource [aop/schema_aop.xml]
2016-09-18 19:04:53[org.springframework.context.support.ClassPathXmlApplicationContext] [main:0] - [INFO]  Refreshing org.springframework.context.support.ClassPathXmlApplicationContext@28a58701: startup date [Sun Sep 18 19:04:53 CST 2016]; root of context hierarchy
2016-09-18 19:04:53[org.springframework.beans.factory.xml.XmlBeanDefinitionReader] [main:36] - [INFO]  Loading XML bean definitions from class path resource [schema_aop.xml]
2016-09-18 19:05:02[org.springframework.context.support.ClassPathXmlApplicationContext] [main:0] - [INFO]  Refreshing org.springframework.context.support.ClassPathXmlApplicationContext@28a58701: startup date [Sun Sep 18 19:05:02 CST 2016]; root of context hierarchy
2016-09-18 19:05:02[org.springframework.beans.factory.xml.XmlBeanDefinitionReader] [main:38] - [INFO]  Loading XML bean definitions from class path resource [aop/schema_aop.xml]
2016-09-18 19:05:30[org.springframework.context.support.ClassPathXmlApplicationContext] [main:0] - [INFO]  Refreshing org.springframework.context.support.ClassPathXmlApplicationContext@28a58701: startup date [Sun Sep 18 19:05:30 CST 2016]; root of context hierarchy
2016-09-18 19:05:30[org.springframework.beans.factory.xml.XmlBeanDefinitionReader] [main:36] - [INFO]  Loading XML bean definitions from class path resource [aop/schema_aop.xml]
2016-09-18 19:06:13[org.springframework.context.support.ClassPathXmlApplicationContext] [main:0] - [INFO]  Refreshing org.springframework.context.support.ClassPathXmlApplicationContext@b426780: startup date [Sun Sep 18 19:06:13 CST 2016]; root of context hierarchy
2016-09-18 19:06:14[org.springframework.beans.factory.xml.XmlBeanDefinitionReader] [main:36] - [INFO]  Loading XML bean definitions from class path resource [aop/schema_aop.xml]
2016-09-18 19:06:40[org.springframework.context.support.ClassPathXmlApplicationContext] [main:0] - [INFO]  Refreshing org.springframework.context.support.ClassPathXmlApplicationContext@b426780: startup date [Sun Sep 18 19:06:40 CST 2016]; root of context hierarchy
2016-09-18 19:06:40[org.springframework.beans.factory.xml.XmlBeanDefinitionReader] [main:37] - [INFO]  Loading XML bean definitions from class path resource [aop/schema_aop.xml]
2016-09-18 19:09:48[org.springframework.context.support.ClassPathXmlApplicationContext] [main:0] - [INFO]  Refreshing org.springframework.context.support.ClassPathXmlApplicationContext@28a58701: startup date [Sun Sep 18 19:09:48 CST 2016]; root of context hierarchy
2016-09-18 19:09:48[org.springframework.beans.factory.xml.XmlBeanDefinitionReader] [main:37] - [INFO]  Loading XML bean definitions from class path resource [aop/schema_aop.xml]
2016-09-18 19:12:19[org.springframework.context.support.ClassPathXmlApplicationContext] [main:0] - [INFO]  Refreshing org.springframework.context.support.ClassPathXmlApplicationContext@28a58701: startup date [Sun Sep 18 19:12:19 CST 2016]; root of context hierarchy
2016-09-18 19:12:19[org.springframework.beans.factory.xml.XmlBeanDefinitionReader] [main:37] - [INFO]  Loading XML bean definitions from class path resource [aop/schema_aop.xml]
2016-09-18 19:12:31[org.springframework.context.support.ClassPathXmlApplicationContext] [main:0] - [INFO]  Refreshing org.springframework.context.support.ClassPathXmlApplicationContext@b426780: startup date [Sun Sep 18 19:12:31 CST 2016]; root of context hierarchy
2016-09-18 19:12:31[org.springframework.beans.factory.xml.XmlBeanDefinitionReader] [main:38] - [INFO]  Loading XML bean definitions from class path resource [schema_aop.xml]
2016-09-18 19:16:23[org.springframework.context.support.ClassPathXmlApplicationContext] [main:0] - [INFO]  Refreshing org.springframework.context.support.ClassPathXmlApplicationContext@28a58701: startup date [Sun Sep 18 19:16:23 CST 2016]; root of context hierarchy
2016-09-18 19:16:23[org.springframework.beans.factory.xml.XmlBeanDefinitionReader] [main:38] - [INFO]  Loading XML bean definitions from class path resource [schema_aop.xml]
2016-09-18 19:18:38[org.springframework.context.support.ClassPathXmlApplicationContext] [main:0] - [INFO]  Refreshing org.springframework.context.support.ClassPathXmlApplicationContext@34990a46: startup date [Sun Sep 18 19:18:38 CST 2016]; root of context hierarchy
2016-09-18 19:18:38[org.springframework.beans.factory.xml.XmlBeanDefinitionReader] [main:36] - [INFO]  Loading XML bean definitions from class path resource [schema_aop.xml]
2016-09-18 19:19:01[org.springframework.context.support.ClassPathXmlApplicationContext] [main:0] - [INFO]  Refreshing org.springframework.context.support.ClassPathXmlApplicationContext@28a58701: startup date [Sun Sep 18 19:19:01 CST 2016]; root of context hierarchy
2016-09-18 19:19:01[org.springframework.beans.factory.xml.XmlBeanDefinitionReader] [main:35] - [INFO]  Loading XML bean definitions from class path resource [schema_aop.xml]
2016-09-18 19:19:22[org.springframework.context.support.ClassPathXmlApplicationContext] [main:0] - [INFO]  Refreshing org.springframework.context.support.ClassPathXmlApplicationContext@b426780: startup date [Sun Sep 18 19:19:22 CST 2016]; root of context hierarchy
2016-09-18 19:19:22[org.springframework.beans.factory.xml.XmlBeanDefinitionReader] [main:38] - [INFO]  Loading XML bean definitions from class path resource [schema_aop.xml]
2016-09-18 19:19:42[org.springframework.context.support.ClassPathXmlApplicationContext] [main:0] - [INFO]  Refreshing org.springframework.context.support.ClassPathXmlApplicationContext@64383ed6: startup date [Sun Sep 18 19:19:42 CST 2016]; root of context hierarchy
2016-09-18 19:19:42[org.springframework.beans.factory.xml.XmlBeanDefinitionReader] [main:36] - [INFO]  Loading XML bean definitions from class path resource [aop/schema_aop.xml]
2016-09-18 19:20:01[org.springframework.context.support.ClassPathXmlApplicationContext] [main:0] - [INFO]  Refreshing org.springframework.context.support.ClassPathXmlApplicationContext@64383ed6: startup date [Sun Sep 18 19:20:01 CST 2016]; root of context hierarchy
2016-09-18 19:20:01[org.springframework.beans.factory.xml.XmlBeanDefinitionReader] [main:41] - [INFO]  Loading XML bean definitions from class path resource [schema_aop.xml]
2016-09-18 19:21:21[org.springframework.context.support.ClassPathXmlApplicationContext] [main:0] - [INFO]  Refreshing org.springframework.context.support.ClassPathXmlApplicationContext@28a58701: startup date [Sun Sep 18 19:21:21 CST 2016]; root of context hierarchy
2016-09-18 19:21:21[org.springframework.beans.factory.xml.XmlBeanDefinitionReader] [main:35] - [INFO]  Loading XML bean definitions from class path resource [schema_aop.xml]
2016-09-18 19:21:45[org.springframework.context.support.ClassPathXmlApplicationContext] [main:0] - [INFO]  Refreshing org.springframework.context.support.ClassPathXmlApplicationContext@b426780: startup date [Sun Sep 18 19:21:45 CST 2016]; root of context hierarchy
2016-09-18 19:21:45[org.springframework.beans.factory.xml.XmlBeanDefinitionReader] [main:36] - [INFO]  Loading XML bean definitions from class path resource [src/test/java/schema_aop.xml]
2016-09-18 19:22:02[org.springframework.context.support.ClassPathXmlApplicationContext] [main:0] - [INFO]  Refreshing org.springframework.context.support.ClassPathXmlApplicationContext@64383ed6: startup date [Sun Sep 18 19:22:02 CST 2016]; root of context hierarchy
2016-09-18 19:22:02[org.springframework.beans.factory.xml.XmlBeanDefinitionReader] [main:38] - [INFO]  Loading XML bean definitions from class path resource [test/java/schema_aop.xml]
2016-09-18 19:22:52[org.springframework.context.support.ClassPathXmlApplicationContext] [main:0] - [INFO]  Refreshing org.springframework.context.support.ClassPathXmlApplicationContext@28a58701: startup date [Sun Sep 18 19:22:52 CST 2016]; root of context hierarchy
2016-09-18 19:22:52[org.springframework.beans.factory.xml.XmlBeanDefinitionReader] [main:38] - [INFO]  Loading XML bean definitions from class path resource [schema_aop.xml]
2016-09-18 19:26:50[org.springframework.context.support.ClassPathXmlApplicationContext] [main:0] - [INFO]  Refreshing org.springframework.context.support.ClassPathXmlApplicationContext@64383ed6: startup date [Sun Sep 18 19:26:50 CST 2016]; root of context hierarchy
2016-09-18 19:26:50[org.springframework.beans.factory.xml.XmlBeanDefinitionReader] [main:36] - [INFO]  Loading XML bean definitions from class path resource [schema_aop.xml]
2016-09-18 19:29:26[org.springframework.context.support.ClassPathXmlApplicationContext] [main:0] - [INFO]  Refreshing org.springframework.context.support.ClassPathXmlApplicationContext@779b68bb: startup date [Sun Sep 18 19:29:26 CST 2016]; root of context hierarchy
2016-09-18 19:29:26[org.springframework.beans.factory.xml.XmlBeanDefinitionReader] [main:41] - [INFO]  Loading XML bean definitions from class path resource [schema_aop.xml]
2016-09-18 19:30:39[org.springframework.context.support.ClassPathXmlApplicationContext] [main:0] - [INFO]  Refreshing org.springframework.context.support.ClassPathXmlApplicationContext@1b159209: startup date [Sun Sep 18 19:30:39 CST 2016]; root of context hierarchy
2016-09-18 19:30:39[org.springframework.beans.factory.xml.XmlBeanDefinitionReader] [main:40] - [INFO]  Loading XML bean definitions from class path resource [schema_aop.xml]
2016-09-18 19:32:19[org.springframework.context.support.ClassPathXmlApplicationContext] [main:0] - [INFO]  Refreshing org.springframework.context.support.ClassPathXmlApplicationContext@28a58701: startup date [Sun Sep 18 19:32:19 CST 2016]; root of context hierarchy
2016-09-18 19:32:19[org.springframework.beans.factory.xml.XmlBeanDefinitionReader] [main:38] - [INFO]  Loading XML bean definitions from class path resource [schema_aop.xml]
2016-09-18 19:35:05[org.springframework.context.support.ClassPathXmlApplicationContext] [main:0] - [INFO]  Refreshing org.springframework.context.support.ClassPathXmlApplicationContext@28a58701: startup date [Sun Sep 18 19:35:05 CST 2016]; root of context hierarchy
2016-09-18 19:35:05[org.springframework.beans.factory.xml.XmlBeanDefinitionReader] [main:38] - [INFO]  Loading XML bean definitions from class path resource [schema_aop.xml]
2016-09-18 19:43:38[org.springframework.context.support.ClassPathXmlApplicationContext] [main:0] - [INFO]  Refreshing org.springframework.context.support.ClassPathXmlApplicationContext@28a58701: startup date [Sun Sep 18 19:43:38 CST 2016]; root of context hierarchy
2016-09-18 19:43:38[org.springframework.beans.factory.xml.XmlBeanDefinitionReader] [main:39] - [INFO]  Loading XML bean definitions from class path resource [schema_aop.xml]
2016-09-18 19:45:50[org.springframework.context.support.ClassPathXmlApplicationContext] [main:0] - [INFO]  Refreshing org.springframework.context.support.ClassPathXmlApplicationContext@34990a46: startup date [Sun Sep 18 19:45:50 CST 2016]; root of context hierarchy
2016-09-18 19:45:50[org.springframework.beans.factory.xml.XmlBeanDefinitionReader] [main:38] - [INFO]  Loading XML bean definitions from class path resource [schema_aop.xml]
2016-09-18 19:48:18[org.springframework.context.support.ClassPathXmlApplicationContext] [main:0] - [INFO]  Refreshing org.springframework.context.support.ClassPathXmlApplicationContext@28a58701: startup date [Sun Sep 18 19:48:18 CST 2016]; root of context hierarchy
2016-09-18 19:48:18[org.springframework.beans.factory.xml.XmlBeanDefinitionReader] [main:36] - [INFO]  Loading XML bean definitions from class path resource [schema_aop.xml]
2016-09-18 19:49:00[org.springframework.context.support.ClassPathXmlApplicationContext] [main:0] - [INFO]  Refreshing org.springframework.context.support.ClassPathXmlApplicationContext@b426780: startup date [Sun Sep 18 19:49:00 CST 2016]; root of context hierarchy
2016-09-18 19:49:00[org.springframework.beans.factory.xml.XmlBeanDefinitionReader] [main:36] - [INFO]  Loading XML bean definitions from class path resource [schema_aop.xml]
2016-09-18 19:49:38[org.springframework.context.support.ClassPathXmlApplicationContext] [main:0] - [INFO]  Refreshing org.springframework.context.support.ClassPathXmlApplicationContext@28a58701: startup date [Sun Sep 18 19:49:38 CST 2016]; root of context hierarchy
2016-09-18 19:49:38[org.springframework.beans.factory.xml.XmlBeanDefinitionReader] [main:35] - [INFO]  Loading XML bean definitions from class path resource [schema_aop.xml]
2016-09-18 19:50:05[org.springframework.context.support.ClassPathXmlApplicationContext] [main:0] - [INFO]  Refreshing org.springframework.context.support.ClassPathXmlApplicationContext@28a58701: startup date [Sun Sep 18 19:50:05 CST 2016]; root of context hierarchy
2016-09-18 19:50:05[org.springframework.beans.factory.xml.XmlBeanDefinitionReader] [main:40] - [INFO]  Loading XML bean definitions from class path resource [schema_aop.xml]
